<?xml version="1.0" encoding="UTF-8"?>
<!-- Generated by org.testng.reporters.JUnitXMLReporter -->
<testsuite ignored="0" hostname="med000008316" failures="0" tests="11" name="Test_03" time="69.335" errors="0" timestamp="21 feb. 2019 17:05:44 GMT+00:00">
  <testcase classname="died_procesos_generales.pgForgotPassTest.PassSmsTest" name="SmsPassCaseTest01" time="44.541"/>
  <testcase classname="died_procesos_generales.pgForgotPassTest.PassSmsTest" name="SmsPassCaseTest02" time="0.973"/>
  <testcase classname="died_procesos_generales.pgForgotPassTest.PassSmsTest" name="SmsPassCaseTest03" time="0.888"/>
  <testcase classname="died_procesos_generales.pgForgotPassTest.PassSmsTest" name="SmsPassCaseTest04" time="0.833"/>
  <testcase classname="died_procesos_generales.pgForgotPassTest.PassSmsTest" name="SmsPassCaseTest05" time="0.851"/>
  <testcase classname="died_procesos_generales.pgForgotPassTest.PassSmsTest" name="SmsPassCaseTest06" time="0.839"/>
  <testcase classname="died_procesos_generales.pgForgotPassTest.PassSmsTest" name="SmsPassCaseTest07" time="0.839"/>
  <testcase classname="died_procesos_generales.pgForgotPassTest.PassSmsTest" name="SmsPassCaseTest10" time="0.204">
    <skipped/>
  </testcase> <!-- SmsPassCaseTest10 -->
  <testcase classname="died_procesos_generales.pgForgotPassTest.PassSmsTest" name="SmsPassCaseTest10" time="0.866"/>
  <testcase classname="died_procesos_generales.pgForgotPassTest.PassSmsTest" name="SmsPassCaseTest08" time="0.738"/>
  <testcase classname="died_procesos_generales.pgForgotPassTest.PassSmsTest" name="SmsPassCaseTest09" time="0.684"/>
</testsuite> <!-- Test_03 -->
