<?xml version="1.0" encoding="UTF-8"?>
<!-- Generated by org.testng.reporters.JUnitXMLReporter -->
<testsuite ignored="0" hostname="med000008316" failures="0" tests="4" name="Test_05" time="208.775" errors="0" timestamp="26 feb. 2019 20:27:53 GMT+00:00">
  <testcase classname="died_procesos_generales.pgPerfilTest.PerfilTest" name="PerfilCaseTest01" time="82.726"/>
  <testcase classname="died_procesos_generales.pgPerfilTest.PerfilTest" name="PerfilCaseTest02" time="41.252"/>
  <testcase classname="died_procesos_generales.pgPerfilTest.PerfilTest" name="PerfilCaseTest03" time="41.246"/>
  <testcase classname="died_procesos_generales.pgPerfilTest.PerfilTest" name="PerfilCaseTest04" time="28.497"/>
</testsuite> <!-- Test_05 -->
