{"uuid":"4d51cbd8-52a5-43ff-8435-3c2d3e7b197a","historyId":"fc5d9fbe1813873b7b36b12888de97e4","fullName":"died_procesos_generales.pgForgotPassTest.ForgotPassTest.ForgotPassCaseTest01","labels":[{"name":"package","value":"died_procesos_generales.pgForgotPassTest.ForgotPassTest"},{"name":"testClass","value":"died_procesos_generales.pgForgotPassTest.ForgotPassTest"},{"name":"testMethod","value":"ForgotPassCaseTest01"},{"name":"parentSuite","value":"Login"},{"name":"suite","value":"Test_03"},{"name":"subSuite","value":"died_procesos_generales.pgForgotPassTest.ForgotPassTest"},{"name":"host","value":"ALQ000002139"},{"name":"thread","value":"6976@ALQ000002139.main(1)"},{"name":"epic","value":"Regression Tests"},{"name":"feature","value":"Forgot Tests"}],"links":[],"name":"ForgotPassCaseTest01","status":"failed","statusDetails":{"known":false,"muted":false,"flaky":false,"message":"expected [] but found [Usted ya tiene solicitudes en proceso. Por favor espere 10 minutos para volver a intentarlo.]","trace":"java.lang.AssertionError: expected [] but found [Usted ya tiene solicitudes en proceso. Por favor espere 10 minutos para volver a intentarlo.]\r\n\tat org.testng.Assert.fail(Assert.java:93)\r\n\tat org.testng.Assert.failNotEquals(Assert.java:512)\r\n\tat org.testng.Assert.assertEqualsImpl(Assert.java:134)\r\n\tat org.testng.Assert.assertEquals(Assert.java:115)\r\n\tat org.testng.Assert.assertEquals(Assert.java:189)\r\n\tat org.testng.Assert.assertEquals(Assert.java:199)\r\n\tat died_procesos_generales.pgForgotPassPage.ForgotPassPage.verifyMessage_aroundBody4(ForgotPassPage.java:85)\r\n\tat died_procesos_generales.pgForgotPassPage.ForgotPassPage$AjcClosure5.run(ForgotPassPage.java:1)\r\n\tat org.aspectj.runtime.reflect.JoinPointImpl.proceed(JoinPointImpl.java:149)\r\n\tat io.qameta.allure.aspects.StepsAspects.step(StepsAspects.java:46)\r\n\tat died_procesos_generales.pgForgotPassPage.ForgotPassPage.verifyMessage(ForgotPassPage.java:85)\r\n\tat died_procesos_generales.pgForgotPassTest.ForgotPassTest.ForgotPassCaseTest01(ForgotPassTest.java:53)\r\n\tat java.base/jdk.internal.reflect.NativeMethodAccessorImpl.invoke0(Native Method)\r\n\tat java.base/jdk.internal.reflect.NativeMethodAccessorImpl.invoke(Unknown Source)\r\n\tat java.base/jdk.internal.reflect.DelegatingMethodAccessorImpl.invoke(Unknown Source)\r\n\tat java.base/java.lang.reflect.Method.invoke(Unknown Source)\r\n\tat org.testng.internal.MethodInvocationHelper.invokeMethod(MethodInvocationHelper.java:108)\r\n\tat org.testng.internal.Invoker.invokeMethod(Invoker.java:661)\r\n\tat org.testng.internal.Invoker.retryFailed(Invoker.java:1014)\r\n\tat org.testng.internal.Invoker.invokeTestMethods(Invoker.java:1215)\r\n\tat org.testng.internal.TestMethodWorker.invokeTestMethods(TestMethodWorker.java:126)\r\n\tat org.testng.internal.TestMethodWorker.run(TestMethodWorker.java:109)\r\n\tat org.testng.TestRunner.privateRun(TestRunner.java:744)\r\n\tat org.testng.TestRunner.run(TestRunner.java:602)\r\n\tat org.testng.SuiteRunner.runTest(SuiteRunner.java:380)\r\n\tat org.testng.SuiteRunner.runSequentially(SuiteRunner.java:375)\r\n\tat org.testng.SuiteRunner.privateRun(SuiteRunner.java:340)\r\n\tat org.testng.SuiteRunner.run(SuiteRunner.java:289)\r\n\tat org.testng.SuiteRunnerWorker.runSuite(SuiteRunnerWorker.java:52)\r\n\tat org.testng.SuiteRunnerWorker.run(SuiteRunnerWorker.java:86)\r\n\tat org.testng.TestNG.runSuitesSequentially(TestNG.java:1301)\r\n\tat org.testng.TestNG.runSuitesLocally(TestNG.java:1226)\r\n\tat org.testng.TestNG.runSuites(TestNG.java:1144)\r\n\tat org.testng.TestNG.run(TestNG.java:1115)\r\n\tat org.testng.remote.AbstractRemoteTestNG.run(AbstractRemoteTestNG.java:114)\r\n\tat org.testng.remote.RemoteTestNG.initAndRun(RemoteTestNG.java:251)\r\n\tat org.testng.remote.RemoteTestNG.main(RemoteTestNG.java:77)\r\n"},"stage":"finished","start":1549576338890,"stop":1549576351081,"steps":[{"name":"Open N12 Step...","status":"passed","stage":"finished","start":1549576338890,"stop":1549576343021},{"name":"metodo de recuperar contrase√±a con email","status":"passed","stage":"finished","start":1549576343527,"stop":1549576348875,"parameters":[{"name":"row","value":"<xml-fragment r=\"5\" spans=\"1:12\" x14ac:dyDescent=\"0.25\" xmlns:mc=\"http://schemas.openxmlformats.org/markup-compatibility/2006\" xmlns:r=\"http://schemas.openxmlformats.org/officeDocument/2006/relationships\" xmlns:x14ac=\"http://schemas.microsoft.com/office/spreadsheetml/2009/9/ac\" xmlns:main=\"http://schemas.openxmlformats.org/spreadsheetml/2006/main\">\r\n  <main:c r=\"A5\" s=\"6\">\r\n    <main:v>3</main:v>\r\n  </main:c>\r\n  <main:c r=\"B5\" s=\"5\" t=\"s\">\r\n    <main:v>12</main:v>\r\n  </main:c>\r\n  <main:c r=\"C5\" s=\"3\" t=\"s\">\r\n    <main:v>27</main:v>\r\n  </main:c>\r\n  <main:c r=\"D5\" s=\"3\" t=\"s\">\r\n    <main:v>7</main:v>\r\n  </main:c>\r\n  <main:c r=\"E5\" s=\"3\"/>\r\n  <main:c r=\"F5\" s=\"3\"/>\r\n  <main:c r=\"G5\" s=\"3\" t=\"s\">\r\n    <main:v>9</main:v>\r\n  </main:c>\r\n  <main:c r=\"H5\" s=\"1\"/>\r\n  <main:c r=\"I5\" s=\"1\" t=\"s\">\r\n    <main:v>32</main:v>\r\n  </main:c>\r\n</xml-fragment>"}]},{"name":"Verify username: {0} step...","status":"failed","statusDetails":{"known":false,"muted":false,"flaky":false,"message":"expected [] but found [Usted ya tiene solicitudes en proceso. Por favor espere 10 minutos para volver a intentarlo.]","trace":"java.lang.AssertionError: expected [] but found [Usted ya tiene solicitudes en proceso. Por favor espere 10 minutos para volver a intentarlo.]\r\n\tat org.testng.Assert.fail(Assert.java:93)\r\n\tat org.testng.Assert.failNotEquals(Assert.java:512)\r\n\tat org.testng.Assert.assertEqualsImpl(Assert.java:134)\r\n\tat org.testng.Assert.assertEquals(Assert.java:115)\r\n\tat org.testng.Assert.assertEquals(Assert.java:189)\r\n\tat org.testng.Assert.assertEquals(Assert.java:199)\r\n\tat died_procesos_generales.pgForgotPassPage.ForgotPassPage.verifyMessage_aroundBody4(ForgotPassPage.java:85)\r\n\tat died_procesos_generales.pgForgotPassPage.ForgotPassPage$AjcClosure5.run(ForgotPassPage.java:1)\r\n\tat org.aspectj.runtime.reflect.JoinPointImpl.proceed(JoinPointImpl.java:149)\r\n\tat io.qameta.allure.aspects.StepsAspects.step(StepsAspects.java:46)\r\n\tat died_procesos_generales.pgForgotPassPage.ForgotPassPage.verifyMessage(ForgotPassPage.java:85)\r\n\tat died_procesos_generales.pgForgotPassTest.ForgotPassTest.ForgotPassCaseTest01(ForgotPassTest.java:53)\r\n\tat java.base/jdk.internal.reflect.NativeMethodAccessorImpl.invoke0(Native Method)\r\n\tat java.base/jdk.internal.reflect.NativeMethodAccessorImpl.invoke(Unknown Source)\r\n\tat java.base/jdk.internal.reflect.DelegatingMethodAccessorImpl.invoke(Unknown Source)\r\n\tat java.base/java.lang.reflect.Method.invoke(Unknown Source)\r\n\tat org.testng.internal.MethodInvocationHelper.invokeMethod(MethodInvocationHelper.java:108)\r\n\tat org.testng.internal.Invoker.invokeMethod(Invoker.java:661)\r\n\tat org.testng.internal.Invoker.retryFailed(Invoker.java:1014)\r\n\tat org.testng.internal.Invoker.invokeTestMethods(Invoker.java:1215)\r\n\tat org.testng.internal.TestMethodWorker.invokeTestMethods(TestMethodWorker.java:126)\r\n\tat org.testng.internal.TestMethodWorker.run(TestMethodWorker.java:109)\r\n\tat org.testng.TestRunner.privateRun(TestRunner.java:744)\r\n\tat org.testng.TestRunner.run(TestRunner.java:602)\r\n\tat org.testng.SuiteRunner.runTest(SuiteRunner.java:380)\r\n\tat org.testng.SuiteRunner.runSequentially(SuiteRunner.java:375)\r\n\tat org.testng.SuiteRunner.privateRun(SuiteRunner.java:340)\r\n\tat org.testng.SuiteRunner.run(SuiteRunner.java:289)\r\n\tat org.testng.SuiteRunnerWorker.runSuite(SuiteRunnerWorker.java:52)\r\n\tat org.testng.SuiteRunnerWorker.run(SuiteRunnerWorker.java:86)\r\n\tat org.testng.TestNG.runSuitesSequentially(TestNG.java:1301)\r\n\tat org.testng.TestNG.runSuitesLocally(TestNG.java:1226)\r\n\tat org.testng.TestNG.runSuites(TestNG.java:1144)\r\n\tat org.testng.TestNG.run(TestNG.java:1115)\r\n\tat org.testng.remote.AbstractRemoteTestNG.run(AbstractRemoteTestNG.java:114)\r\n\tat org.testng.remote.RemoteTestNG.initAndRun(RemoteTestNG.java:251)\r\n\tat org.testng.remote.RemoteTestNG.main(RemoteTestNG.java:77)\r\n"},"stage":"finished","start":1549576350378,"stop":1549576350441,"parameters":[{"name":"expectedUserNameMessage","value":""}]}],"attachments":[{"name":"Page screenshot","source":"d934a77f-29a1-44a6-b128-916b0e75869e-attachment","type":"image/png"},{"name":"{0}","source":"f4c1afdc-98a8-4fd3-b71f-70763aecd72e-attachment","type":"text/plain"}],"parameters":[]}