<?xml version="1.0" encoding="UTF-8"?>
<testng-results ignored="0" total="4" passed="4" failed="0" skipped="0">
  <reporter-output>
  </reporter-output>
  <suite started-at="2019-02-26T20:24:24Z" name="Login" finished-at="2019-02-26T20:27:53Z" duration-ms="208775">
    <groups>
    </groups>
    <test started-at="2019-02-26T20:24:24Z" name="Test_05" finished-at="2019-02-26T20:27:53Z" duration-ms="208775">
      <class name="died_procesos_generales.pgPerfilTest.PerfilTest">
        <test-method is-config="true" signature="setupTestData()[pri:0, instance:died_procesos_generales.pgPerfilTest.PerfilTest@281f23f2]" started-at="2019-02-26T15:24:24Z" name="setupTestData" finished-at="2019-02-26T15:24:27Z" duration-ms="2366" status="PASS">
          <reporter-output>
          </reporter-output>
        </test-method> <!-- setupTestData -->
        <test-method is-config="true" signature="setup()[pri:0, instance:died_procesos_generales.pgPerfilTest.PerfilTest@281f23f2]" started-at="2019-02-26T15:24:27Z" name="setup" description="Class Level Setup!" finished-at="2019-02-26T15:24:35Z" duration-ms="8135" status="PASS">
          <reporter-output>
          </reporter-output>
        </test-method> <!-- setup -->
        <test-method signature="PerfilCaseTest01()[pri:0, instance:died_procesos_generales.pgPerfilTest.PerfilTest@281f23f2]" started-at="2019-02-26T15:24:35Z" name="PerfilCaseTest01" finished-at="2019-02-26T15:25:58Z" duration-ms="82726" status="PASS">
          <reporter-output>
          </reporter-output>
        </test-method> <!-- PerfilCaseTest01 -->
        <test-method signature="PerfilCaseTest02()[pri:1, instance:died_procesos_generales.pgPerfilTest.PerfilTest@281f23f2]" started-at="2019-02-26T15:25:59Z" name="PerfilCaseTest02" finished-at="2019-02-26T15:26:40Z" duration-ms="41252" status="PASS">
          <reporter-output>
          </reporter-output>
        </test-method> <!-- PerfilCaseTest02 -->
        <test-method signature="PerfilCaseTest03()[pri:2, instance:died_procesos_generales.pgPerfilTest.PerfilTest@281f23f2]" started-at="2019-02-26T15:26:41Z" name="PerfilCaseTest03" finished-at="2019-02-26T15:27:22Z" duration-ms="41246" status="PASS">
          <reporter-output>
          </reporter-output>
        </test-method> <!-- PerfilCaseTest03 -->
        <test-method signature="PerfilCaseTest04()[pri:3, instance:died_procesos_generales.pgPerfilTest.PerfilTest@281f23f2]" started-at="2019-02-26T15:27:23Z" name="PerfilCaseTest04" finished-at="2019-02-26T15:27:52Z" duration-ms="28497" status="PASS">
          <reporter-output>
          </reporter-output>
        </test-method> <!-- PerfilCaseTest04 -->
        <test-method is-config="true" signature="teardown()[pri:0, instance:died_procesos_generales.pgPerfilTest.PerfilTest@281f23f2]" started-at="2019-02-26T15:27:52Z" name="teardown" description="Class Level Teardown!" finished-at="2019-02-26T15:27:53Z" duration-ms="627" status="PASS">
          <reporter-output>
          </reporter-output>
        </test-method> <!-- teardown -->
      </class> <!-- died_procesos_generales.pgPerfilTest.PerfilTest -->
    </test> <!-- Test_05 -->
  </suite> <!-- Login -->
</testng-results>
